<?xml version="1.0" encoding="UTF-8"?>
<!-- Generated by org.testng.reporters.JUnitReportReporter -->
<testsuite hostname="Vainavi" failures="0" tests="3" name="TestNG.SignupTest" time="0.028" errors="0" timestamp="2024-08-08T16:07:35 BST" skipped="0">
  <testcase classname="TestNG.SignupTest" name="signupByEmail" time="0.024"/>
  <system-out/>
  <testcase classname="TestNG.SignupTest" name="signupByFacebook" time="0.003"/>
  <system-out/>
  <testcase classname="TestNG.SignupTest" name="signupByInstagram" time="0.001"/>
  <system-out/>
</testsuite> <!-- TestNG.SignupTest -->
