<?xml version="1.0" encoding="UTF-8"?>
<!-- Generated by org.testng.reporters.JUnitReportReporter -->
<testsuite hostname="Vainavi" failures="0" tests="3" name="TestNG.LoginTest" time="0.029" errors="0" timestamp="2024-08-08T15:54:31 BST" skipped="0">
  <testcase classname="TestNG.LoginTest" name="loginByEmail" time="0.024"/>
  <system-out/>
  <testcase classname="TestNG.LoginTest" name="loginByFacebook" time="0.002"/>
  <system-out/>
  <testcase classname="TestNG.LoginTest" name="loginByInstagram" time="0.003"/>
  <system-out/>
</testsuite> <!-- TestNG.LoginTest -->
