<?xml version="1.0" encoding="UTF-8"?>
<!-- Generated by org.testng.reporters.JUnitReportReporter -->
<testsuite hostname="Vainavi" failures="0" tests="2" name="TestNG.PaymentTest" time="0.023" errors="0" timestamp="2024-08-08T16:07:59 BST" skipped="0">
  <testcase classname="TestNG.PaymentTest" name="paymentInRupees" time="0.022"/>
  <system-out/>
  <testcase classname="TestNG.PaymentTest" name="paymentInDollars" time="0.001"/>
  <system-out/>
</testsuite> <!-- TestNG.PaymentTest -->
