<?xml version="1.0" encoding="UTF-8"?>
<!-- Generated by org.testng.reporters.JUnitReportReporter -->
<testsuite hostname="Vainavi" failures="0" tests="3" name="TestNG.Day1" time="0.005" errors="0" timestamp="2024-08-01T15:46:38 BST" skipped="0">
  <testcase classname="TestNG.Day1" name="openApp" time="0.002"/>
  <system-out/>
  <testcase classname="TestNG.Day1" name="Login" time="0.001"/>
  <system-out/>
  <testcase classname="TestNG.Day1" name="Logout" time="0.002"/>
  <system-out/>
</testsuite> <!-- TestNG.Day1 -->
