<?xml version="1.0" encoding="UTF-8"?>
<!-- Generated by org.testng.reporters.JUnitReportReporter -->
<testsuite hostname="Vainavi" failures="0" tests="4" name="TestNG.OrangeHRM" time="15.278" errors="0" timestamp="2024-08-01T15:46:38 BST" skipped="0">
  <testcase classname="TestNG.OrangeHRM" name="openApp" time="10.320"/>
  <system-out/>
  <testcase classname="TestNG.OrangeHRM" name="testLogo" time="3.070"/>
  <system-out/>
  <testcase classname="TestNG.OrangeHRM" name="Login" time="1.498"/>
  <system-out/>
  <testcase classname="TestNG.OrangeHRM" name="closeApp" time="0.390"/>
  <system-out/>
</testsuite> <!-- TestNG.OrangeHRM -->
